;  LST file generated by mikroListExporter - v.2.0 
; Date/Time: 25/05/2023 22:10:51
;----------------------------------------------

;Address Opcode 	ASM
0x0000	0x2843      	GOTO       67
_____DoICP:
;__Lib_System.c,6 :: 		
;__Lib_System.c,9 :: 		
0x0003	0x1283      	BCF        STATUS, 5
0x0004	0x1303      	BCF        STATUS, 6
0x0005	0x0821      	MOVF       ___DoICPAddr+1, 0
0x0006	0x008A      	MOVWF      PCLATH
;__Lib_System.c,10 :: 		
0x0007	0x0820      	MOVF       ___DoICPAddr, 0
0x0008	0x0082      	MOVWF      PCL
;__Lib_System.c,12 :: 		
L_end_____DoICP:
0x0009	0x0008      	RETURN
; end of _____DoICP
_EEPROM_Read:
;__Lib_EEPROM.c,4 :: 		
;__Lib_EEPROM.c,5 :: 		
0x000A	0x1283      	BCF        STATUS, 5
0x000B	0x1303      	BCF        STATUS, 6
0x000C	0x0822      	MOVF       FARG_EEPROM_Read_Address, 0
0x000D	0x1703      	BSF        STATUS, 6
0x000E	0x008D      	MOVWF      EEADR
;__Lib_EEPROM.c,6 :: 		
0x000F	0x1683      	BSF        STATUS, 5
0x0010	0x138C      	BCF        EECON1, 7
;__Lib_EEPROM.c,12 :: 		
0x0011	0x140C      	BSF        EECON1, 0
;__Lib_EEPROM.c,13 :: 		
0x0012	0x1283      	BCF        STATUS, 5
0x0013	0x080C      	MOVF       EEDATA, 0
0x0014	0x00F0      	MOVWF      R0
;__Lib_EEPROM.c,14 :: 		
L_end_EEPROM_Read:
0x0015	0x0008      	RETURN
; end of _EEPROM_Read
_EEPROM_Write:
;__Lib_EEPROM.c,16 :: 		
;__Lib_EEPROM.c,20 :: 		
L_EEPROM_Write0:
0x0016	0x1683      	BSF        STATUS, 5
0x0017	0x1703      	BSF        STATUS, 6
0x0018	0x1C8C      	BTFSS      EECON1, 1
0x0019	0x281C      	GOTO       L_EEPROM_Write1
0x001A	0x0000      	NOP
0x001B	0x2816      	GOTO       L_EEPROM_Write0
L_EEPROM_Write1:
;__Lib_EEPROM.c,21 :: 		
0x001C	0x1283      	BCF        STATUS, 5
0x001D	0x1303      	BCF        STATUS, 6
0x001E	0x0822      	MOVF       FARG_EEPROM_Write_Address, 0
0x001F	0x1703      	BSF        STATUS, 6
0x0020	0x008D      	MOVWF      EEADR
;__Lib_EEPROM.c,22 :: 		
0x0021	0x1303      	BCF        STATUS, 6
0x0022	0x0823      	MOVF       FARG_EEPROM_Write_data_, 0
0x0023	0x1703      	BSF        STATUS, 6
0x0024	0x008C      	MOVWF      EEDATA
;__Lib_EEPROM.c,23 :: 		
0x0025	0x1683      	BSF        STATUS, 5
0x0026	0x138C      	BCF        EECON1, 7
;__Lib_EEPROM.c,24 :: 		
0x0027	0x150C      	BSF        EECON1, 2
;__Lib_EEPROM.c,26 :: 		
0x0028	0x080B      	MOVF       INTCON, 0
0x0029	0x00F0      	MOVWF      R0
;__Lib_EEPROM.c,29 :: 		
0x002A	0x138B      	BCF        INTCON, 7
;__Lib_EEPROM.c,30 :: 		
0x002B	0x3055      	MOVLW      85
0x002C	0x008D      	MOVWF      EECON2
;__Lib_EEPROM.c,31 :: 		
0x002D	0x30AA      	MOVLW      170
0x002E	0x008D      	MOVWF      EECON2
;__Lib_EEPROM.c,32 :: 		
0x002F	0x148C      	BSF        EECON1, 1
;__Lib_EEPROM.c,36 :: 		
0x0030	0x1BF0      	BTFSC      R0, 7
0x0031	0x2834      	GOTO       L__EEPROM_Write4
0x0032	0x138B      	BCF        INTCON, 7
0x0033	0x2835      	GOTO       L__EEPROM_Write5
L__EEPROM_Write4:
0x0034	0x178B      	BSF        INTCON, 7
L__EEPROM_Write5:
;__Lib_EEPROM.c,37 :: 		
0x0035	0x110C      	BCF        EECON1, 2
;__Lib_EEPROM.c,38 :: 		
L_end_EEPROM_Write:
0x0036	0x0008      	RETURN
; end of _EEPROM_Write
___CC2DW:
;__Lib_System.c,134 :: 		
;__Lib_System.c,137 :: 		
_CC2D_Loop1:
;__Lib_System.c,139 :: 		
0x0037	0x2003      	CALL       _____DoICP
0x0038	0x118A      	BCF        PCLATH, 3
0x0039	0x120A      	BCF        PCLATH, 4
;__Lib_System.c,141 :: 		
0x003A	0x0080      	MOVWF      INDF
;__Lib_System.c,142 :: 		
0x003B	0x0A84      	INCF       FSR, 1
;__Lib_System.c,143 :: 		
0x003C	0x0AA0      	INCF       ___DoICPAddr, 1
;__Lib_System.c,145 :: 		
0x003D	0x1903      	BTFSC      STATUS, 2
;__Lib_System.c,146 :: 		
0x003E	0x0AA1      	INCF       ___DoICPAddr+1, 1
;__Lib_System.c,147 :: 		
0x003F	0x03F0      	DECF       R0, 1
;__Lib_System.c,149 :: 		
0x0040	0x1D03      	BTFSS      STATUS, 2
;__Lib_System.c,150 :: 		
0x0041	0x2837      	GOTO       _CC2D_Loop1
;__Lib_System.c,152 :: 		
L_end___CC2DW:
0x0042	0x0008      	RETURN
; end of ___CC2DW
_main:
;epromLeds.c,1 :: 		void main() {{
;epromLeds.c,2 :: 		ANSEL = 0;                 // Todos los pines de E/S se configuran como digitales
0x0043	0x1683      	BSF        STATUS, 5
0x0044	0x1703      	BSF        STATUS, 6
0x0045	0x0188      	CLRF       ANSEL
;epromLeds.c,3 :: 		ANSELH = 0;
0x0046	0x0189      	CLRF       ANSELH
;epromLeds.c,4 :: 		PORTC = 0;                 // Valor inicial del puerto PORTB
0x0047	0x1283      	BCF        STATUS, 5
0x0048	0x1303      	BCF        STATUS, 6
0x0049	0x0187      	CLRF       PORTC
;epromLeds.c,5 :: 		TRISC = 0;                 // Todos los pines del puerto PORTB se configuran como salidas
0x004A	0x1683      	BSF        STATUS, 5
0x004B	0x0187      	CLRF       TRISC
;epromLeds.c,6 :: 		PORTD = 0;                 // Valor inicial del puerto PORTB
0x004C	0x1283      	BCF        STATUS, 5
0x004D	0x0188      	CLRF       PORTD
;epromLeds.c,7 :: 		TRISD = 0;                 // Todos los pines del puerto PORTD se configuran como salidas
0x004E	0x1683      	BSF        STATUS, 5
0x004F	0x0188      	CLRF       TRISD
;epromLeds.c,8 :: 		TRISA = 0xFF;              // Todos los pines del puerto PORTA se configuran como entradas
0x0050	0x30FF      	MOVLW      255
0x0051	0x0085      	MOVWF      TRISA
;epromLeds.c,9 :: 		PORTD = EEPROM_Read(5);    // Leer la memoria EEPROM en la dirección 5
0x0052	0x3005      	MOVLW      5
0x0053	0x1283      	BCF        STATUS, 5
0x0054	0x00A2      	MOVWF      FARG_EEPROM_Read_Address
0x0055	0x200A      	CALL       _EEPROM_Read
0x0056	0x0870      	MOVF       R0, 0
0x0057	0x1303      	BCF        STATUS, 6
0x0058	0x0088      	MOVWF      PORTD
;epromLeds.c,11 :: 		do {
L_main0:
;epromLeds.c,12 :: 		PORTC = PORTC++;         // Incrementar el puerto PORTB en 1
0x0059	0x0A07      	INCF       PORTC, 0
0x005A	0x00F0      	MOVWF      R0
0x005B	0x0870      	MOVF       R0, 0
0x005C	0x0087      	MOVWF      PORTC
;epromLeds.c,13 :: 		Delay_ms(100);           // Tiempo de retardo de 100mS
0x005D	0x3082      	MOVLW      130
0x005E	0x00FC      	MOVWF      R12
0x005F	0x30DD      	MOVLW      221
0x0060	0x00FD      	MOVWF      R13
L_main3:
0x0061	0x0BFD      	DECFSZ     R13, 1
0x0062	0x2861      	GOTO       L_main3
0x0063	0x0BFC      	DECFSZ     R12, 1
0x0064	0x2861      	GOTO       L_main3
0x0065	0x0000      	NOP
0x0066	0x0000      	NOP
;epromLeds.c,15 :: 		if (PORTA.F2)
0x0067	0x1D05      	BTFSS      PORTA, 2
0x0068	0x286E      	GOTO       L_main4
;epromLeds.c,16 :: 		EEPROM_Write(5,PORTC); // Si se pulsa el botón MEMO, guardar el puerto PORTB
0x0069	0x3005      	MOVLW      5
0x006A	0x00A2      	MOVWF      FARG_EEPROM_Write_Address
0x006B	0x0807      	MOVF       PORTC, 0
0x006C	0x00A3      	MOVWF      FARG_EEPROM_Write_data_
0x006D	0x2016      	CALL       _EEPROM_Write
L_main4:
;epromLeds.c,18 :: 		PORTD = EEPROM_Read(5);  // Leer el dato escrito
0x006E	0x3005      	MOVLW      5
0x006F	0x1283      	BCF        STATUS, 5
0x0070	0x1303      	BCF        STATUS, 6
0x0071	0x00A2      	MOVWF      FARG_EEPROM_Read_Address
0x0072	0x200A      	CALL       _EEPROM_Read
0x0073	0x0870      	MOVF       R0, 0
0x0074	0x1303      	BCF        STATUS, 6
0x0075	0x0088      	MOVWF      PORTD
;epromLeds.c,24 :: 		while(1);                  // Bucle infinito
0x0076	0x2859      	GOTO       L_main0
;epromLeds.c,25 :: 		}}
L_end_main:
0x0077	0x2877      	GOTO       $+0
; end of _main
Symbol List:
//** Routines locations **
//ADDRESS    SIZE    PROCEDURE
//----------------------------------------------
0x0003       [7]    _____DoICP
0x000A      [12]    _EEPROM_Read
0x0016      [33]    _EEPROM_Write
0x0037      [12]    ___CC2DW
0x0043      [53]    _main
//** Variables locations ** 
//ADDRESS    SIZE    VARIABLE
//----------------------------------------------
0x0000       [1]    INDF
0x0002       [1]    PCL
0x0003       [1]    STATUS
0x0004       [1]    FSR
0x0005       [1]    PORTA
0x0007       [1]    PORTC
0x0008       [1]    PORTD
0x000A       [1]    PCLATH
0x000B       [1]    INTCON
0x0020       [2]    ___DoICPAddr
0x0022       [1]    FARG_EEPROM_Write_Address
0x0022       [1]    FARG_EEPROM_Read_Address
0x0023       [1]    FARG_EEPROM_Write_data_
0x0070       [1]    R0
0x0071       [1]    R1
0x0072       [1]    R2
0x0073       [1]    R3
0x0074       [1]    R4
0x0075       [1]    R5
0x0076       [1]    R6
0x0077       [1]    R7
0x0078       [1]    R8
0x0079       [1]    R9
0x007A       [1]    R10
0x007B       [1]    R11
0x007C       [1]    R12
0x007D       [1]    R13
0x007E       [1]    R14
0x007F       [1]    R15
0x0085       [1]    TRISA
0x0087       [1]    TRISC
0x0088       [1]    TRISD
0x010C       [1]    EEDATA
0x010D       [1]    EEADR
0x0188       [1]    ANSEL
0x0189       [1]    ANSELH
0x018C       [1]    EECON1
0x018D       [1]    EECON2
//** Label List: ** 
//----------------------------------------------
  L_main0
  L_main1
  L_main2
  L_main3
  L_main4
  L_end_main
  _main
  L_EEPROM_Write0
  L_EEPROM_Write1
  L_end_EEPROM_Read
  _EEPROM_Read
  L_end_EEPROM_Write
  _EEPROM_Write
  L__EEPROM_Write4
  L__EEPROM_Write5
  L_loopCA2AWs
  L_CA2AWend
  _CCA2AW_Loop1
  L_loopCS2Ss
  L_CS2Send
  _CCS2S_Loop1
  L_CCS2Send
  L_loopFZinSWs
  L_FZinSend
  _CC2D_Loop1
  L_end_____DoICP
  _____DoICP
  L_end_____DoIFC
  _____DoIFC
  L_end___CA2AW
  ___CA2AW
  L_end___CCA2AW
  ___CCA2AW
  L_end___CS2S
  ___CS2S
  L_end___CCS2S
  ___CCS2S
  L_end___FZinS
  ___FZinS
  L_end___CC2DW
  ___CC2DW
  L_end_Swap
  _Swap
